<?xml version="1.0" encoding="UTF-8"?>
<!-- Generated by org.testng.reporters.JUnitXMLReporter -->
<testsuite ignored="0" hostname="DESKTOP-ARQSK1R" failures="0" tests="3" name="Command line test" time="5.959" errors="0" timestamp="05 Aug 2020 19:03:18 GMT">
  <testcase classname="com.api.createTest.CreateUserTest" name="createNewUser" time="4.337"/>
  <testcase classname="com.api.getTest.GetUserTest" name="getListUsers" time="0.441"/>
  <testcase classname="com.api.getTest.GetUserTest" name="getListUsers2" time="0.376"/>
</testsuite> <!-- Command line test -->
