<?xml version="1.0" encoding="UTF-8"?>
<testng-results ignored="0" total="3" passed="3" failed="0" skipped="0">
  <reporter-output>
  </reporter-output>
  <suite started-at="2020-08-05T19:02:53Z" name="Command line suite" finished-at="2020-08-05T19:02:59Z" duration-ms="5959">
    <groups>
    </groups>
    <test started-at="2020-08-05T19:02:53Z" name="Command line test" finished-at="2020-08-05T19:02:59Z" duration-ms="5959">
      <class name="com.api.getTest.GetUserTest">
        <test-method is-config="true" signature="baseURIsetup()[pri:0, instance:com.api.getTest.GetUserTest@1d119efb]" started-at="2020-08-05T19:02:58Z" name="baseURIsetup" finished-at="2020-08-05T19:02:58Z" duration-ms="29" status="PASS">
          <reporter-output>
          </reporter-output>
        </test-method> <!-- baseURIsetup -->
        <test-method signature="getListUsers()[pri:0, instance:com.api.getTest.GetUserTest@1d119efb]" started-at="2020-08-05T19:02:58Z" name="getListUsers" finished-at="2020-08-05T19:02:58Z" duration-ms="441" status="PASS">
          <reporter-output>
          </reporter-output>
        </test-method> <!-- getListUsers -->
        <test-method is-config="true" signature="baseURIsetup()[pri:0, instance:com.api.getTest.GetUserTest@1d119efb]" started-at="2020-08-05T19:02:58Z" name="baseURIsetup" finished-at="2020-08-05T19:02:58Z" duration-ms="0" status="PASS">
          <reporter-output>
          </reporter-output>
        </test-method> <!-- baseURIsetup -->
        <test-method signature="getListUsers2()[pri:0, instance:com.api.getTest.GetUserTest@1d119efb]" started-at="2020-08-05T19:02:58Z" name="getListUsers2" finished-at="2020-08-05T19:02:59Z" duration-ms="376" status="PASS">
          <reporter-output>
          </reporter-output>
        </test-method> <!-- getListUsers2 -->
      </class> <!-- com.api.getTest.GetUserTest -->
      <class name="com.api.createTest.CreateUserTest">
        <test-method is-config="true" signature="baseURIsetup()[pri:0, instance:com.api.createTest.CreateUserTest@6fe7aac8]" started-at="2020-08-05T19:02:53Z" name="baseURIsetup" finished-at="2020-08-05T19:02:53Z" duration-ms="506" status="PASS">
          <reporter-output>
          </reporter-output>
        </test-method> <!-- baseURIsetup -->
        <test-method signature="createNewUser()[pri:0, instance:com.api.createTest.CreateUserTest@6fe7aac8]" started-at="2020-08-05T19:02:53Z" name="createNewUser" finished-at="2020-08-05T19:02:58Z" duration-ms="4337" status="PASS">
          <reporter-output>
          </reporter-output>
        </test-method> <!-- createNewUser -->
      </class> <!-- com.api.createTest.CreateUserTest -->
    </test> <!-- Command line test -->
  </suite> <!-- Command line suite -->
</testng-results>
