<?xml version="1.0" encoding="UTF-8"?>
<testng-results ignored="0" total="1" passed="1" failed="0" skipped="0">
  <reporter-output>
  </reporter-output>
  <suite started-at="2020-08-05T14:50:01Z" name="Api Automation Suite" finished-at="2020-08-05T14:50:06Z" duration-ms="5353">
    <groups>
    </groups>
    <test started-at="2020-08-05T14:50:01Z" name="Get Api Test" finished-at="2020-08-05T14:50:06Z" duration-ms="5353">
      <class name="com.api.getTest.GetUserTest">
        <test-method is-config="true" signature="baseURIsetup()[pri:0, instance:com.api.getTest.GetUserTest@2f54a33d]" started-at="2020-08-05T14:50:01Z" name="baseURIsetup" finished-at="2020-08-05T14:50:02Z" duration-ms="725" status="PASS">
          <reporter-output>
          </reporter-output>
        </test-method> <!-- baseURIsetup -->
        <test-method signature="getListUsers()[pri:0, instance:com.api.getTest.GetUserTest@2f54a33d]" started-at="2020-08-05T14:50:02Z" name="getListUsers" finished-at="2020-08-05T14:50:06Z" duration-ms="4146" status="PASS">
          <reporter-output>
          </reporter-output>
        </test-method> <!-- getListUsers -->
      </class> <!-- com.api.getTest.GetUserTest -->
    </test> <!-- Get Api Test -->
  </suite> <!-- Api Automation Suite -->
</testng-results>
