<?xml version="1.0" encoding="UTF-8"?>
<testng-results ignored="0" total="1" passed="1" failed="0" skipped="0">
  <reporter-output>
  </reporter-output>
  <suite started-at="2020-08-05T19:01:05Z" name="Default suite" finished-at="2020-08-05T19:01:10Z" duration-ms="4845">
    <groups>
    </groups>
    <test started-at="2020-08-05T19:01:05Z" name="Default test" finished-at="2020-08-05T19:01:10Z" duration-ms="4845">
      <class name="com.api.createTest.CreateUserTest">
        <test-method is-config="true" signature="baseURIsetup()[pri:0, instance:com.api.createTest.CreateUserTest@4bf48f6]" started-at="2020-08-05T19:01:05Z" name="baseURIsetup" finished-at="2020-08-05T19:01:06Z" duration-ms="666" status="PASS">
          <reporter-output>
          </reporter-output>
        </test-method> <!-- baseURIsetup -->
        <test-method signature="createNewUser()[pri:0, instance:com.api.createTest.CreateUserTest@4bf48f6]" started-at="2020-08-05T19:01:06Z" name="createNewUser" finished-at="2020-08-05T19:01:10Z" duration-ms="3851" status="PASS">
          <reporter-output>
          </reporter-output>
        </test-method> <!-- createNewUser -->
      </class> <!-- com.api.createTest.CreateUserTest -->
    </test> <!-- Default test -->
  </suite> <!-- Default suite -->
</testng-results>
